Build started 6/5/2013 8:46:09 PM.
     1>Project "C:\Users\Nick\Documents\Programming\C++\Framework - Copy\Framework\Framework.vcxproj" on node 2 (build target(s)).
     1>InitializeBuildStatus:
         Creating "Release\Framework.unsuccessfulbuild" because "AlwaysCreate" was specified.
       ClCompile:
         C:\Program Files (x86)\Microsoft Visual Studio 10.0\VC\bin\CL.exe /c /Zi /nologo /W3 /WX- /O2 /Oi /Oy- /GL /D _MBCS /Gm- /EHsc /MD /GS /Gy /fp:precise /Zc:wchar_t /Zc:forScope /Fo"Release\\" /Fd"Release\vc100.pdb" /Gd /TP /analyze- /errorReport:prompt "..\Source Code\Main.cpp"
         Main.cpp
         C:\Program Files (x86)\Microsoft DirectX SDK (June 2010)\include\dinput.h: DIRECTINPUT_VERSION undefined. Defaulting to version 0x0800
       ResourceCompile:
         All outputs are up-to-date.
       Link:
         C:\Program Files (x86)\Microsoft Visual Studio 10.0\VC\bin\link.exe /ERRORREPORT:PROMPT /OUT:"C:\Users\Nick\Documents\Programming\C++\Framework - Copy\Release\Framework.exe" /NOLOGO /MANIFEST /ManifestFile:"Release\Framework.exe.intermediate.manifest" /MANIFESTUAC:"level='asInvoker' uiAccess='false'" /DEBUG /PDB:"C:\Users\Nick\Documents\Programming\C++\Framework - Copy\Release\Framework.pdb" /OPT:REF /OPT:ICF /LTCG /TLBID:1 /DYNAMICBASE /NXCOMPAT /IMPLIB:"C:\Users\Nick\Documents\Programming\C++\Framework - Copy\Release\Framework.lib" /MACHINE:X86 Release\Resource.res
         Release\Main.obj
         Release\Graphics.obj
         Release\Input.obj
         Release\Windows.obj
         Generating code
         Finished generating code
         Framework.vcxproj -> C:\Users\Nick\Documents\Programming\C++\Framework - Copy\Release\Framework.exe
       Manifest:
         C:\Program Files (x86)\Microsoft SDKs\Windows\v7.0A\bin\mt.exe /nologo /verbose /outputresource:"C:\Users\Nick\Documents\Programming\C++\Framework - Copy\Release\Framework.exe;#1" /manifest Release\Framework.exe.intermediate.manifest
       FinalizeBuildStatus:
         Deleting file "Release\Framework.unsuccessfulbuild".
         Touching "Release\Framework.lastbuildstate".
     1>Done Building Project "C:\Users\Nick\Documents\Programming\C++\Framework - Copy\Framework\Framework.vcxproj" (build target(s)).

Build succeeded.

Time Elapsed 00:00:00.66
